<?xml version="1.0" encoding="UTF-8"?>
<!-- Generated by org.testng.reporters.JUnitReportReporter -->
<testsuite hostname="PRFT-17081" name="xboxtestcases.topFive" tests="1" failures="0" timestamp="28 Feb 2022 19:45:11 GMT" time="6.202" errors="0">
  <testcase name="testGamertag" time="6.202" classname="xboxtestcases.topFive"/>
</testsuite> <!-- xboxtestcases.topFive -->
