<?xml version="1.0" encoding="UTF-8"?>
<!-- Generated by org.testng.reporters.JUnitReportReporter -->
<testsuite hostname="PRFT-17081" name="xboxtestcases.topFive" tests="1" failures="0" timestamp="1 Mar 2022 00:39:13 GMT" time="6.378" errors="0">
  <testcase name="testGamertag" time="6.378" classname="xboxtestcases.topFive"/>
</testsuite> <!-- xboxtestcases.topFive -->
