<?xml version="1.0" encoding="UTF-8"?>
<!-- Generated by org.testng.reporters.JUnitReportReporter -->
<testsuite hostname="PRFT-17081" name="xboxtestcases.topFiveGames" tests="1" failures="0" timestamp="1 Mar 2022 00:39:13 GMT" time="8.289" errors="0">
  <testcase name="testTopGames" time="8.289" classname="xboxtestcases.topFiveGames"/>
</testsuite> <!-- xboxtestcases.topFiveGames -->
